10
48
62
4
99
45
69
32
15
100
40
63
16
57
56
55
56
3
84
68
8
13
75
83
69
dict_items([(10, 1), (48, 1), (62, 1), (4, 1), (99, 1), (45, 1), (69, 2), (32, 1), (15, 1), (100, 1), (40, 1), (63, 1), (16, 1), (57, 1), (56, 2), (55, 1), (3, 1), (84, 1), (68, 1), (8, 1), (13, 1), (75, 1), (83, 1)])
dict_items([(10, 1), (48, 1), (62, 1), (4, 1), (99, 1), (45, 1), (69, 2), (32, 1), (15, 1), (100, 1), (40, 1), (63, 1), (16, 1), (57, 1), (56, 2), (55, 1), (3, 1), (84, 1), (68, 1), (8, 1), (13, 1), (75, 1), (83, 1)])
